<?xml version="1.0" encoding="UTF-8"?>
<!-- Generated by org.testng.reporters.JUnitXMLReporter -->
<testsuite ignored="0" hostname="DESKTOP-912Q6UV" failures="0" tests="3" name="Test-edge" time="98.717" errors="0" timestamp="2026-05-09T16:33:08 IST">
  <testcase classname="contactModule.ContactModuleTest" name="CreateContactWithOrganizationTest" time="30.711"/>
  <testcase classname="contactModule.ContactModuleTest" name="CreateContactWithSupportDatesTest" time="26.317"/>
  <testcase classname="contactModule.ContactModuleTest" name="createTest" time="19.235"/>
</testsuite> <!-- Test-edge -->
