<?xml version="1.0" encoding="UTF-8"?>
<!-- Generated by org.testng.reporters.JUnitXMLReporter -->
<testsuite ignored="0" hostname="DESKTOP-912Q6UV" failures="0" tests="3" name="Test-chrome" time="91.216" errors="0" timestamp="2026-05-09T16:33:01 IST">
  <testcase classname="organizationModule.OrganizationModuleTest" name="CreateOrgWithIndustryAndTypeTest" time="21.071"/>
  <testcase classname="organizationModule.OrganizationModuleTest" name="CreateOrgWithPhoneNumberTest" time="22.446"/>
  <testcase classname="organizationModule.OrganizationModuleTest" name="CreateTest" time="21.461"/>
</testsuite> <!-- Test-chrome -->
