<?xml version="1.0" encoding="UTF-8"?>
<!-- Generated by org.testng.reporters.JUnitXMLReporter -->
<testsuite ignored="3" hostname="DESKTOP-912Q6UV" failures="0" tests="6" name="Test" time="183.841" errors="0" timestamp="2026-05-14T11:08:15 IST">
  <testcase classname="organizationModule.OrganizationModuleTest" name="CreateOrgWithIndustryAndTypeTest" time="19.937"/>
  <testcase classname="organizationModule.OrganizationModuleTest" name="CreateOrgWithPhoneNumberTest" time="22.232"/>
  <testcase classname="organizationModule.OrganizationModuleTest" name="CreateTest" time="20.175"/>
  <testcase classname="contactModule.ContactModuleTest" name="CreateContactWithOrganizationTest" time="30.652"/>
  <testcase classname="contactModule.ContactModuleTest" name="CreateContactWithSupportDatesTest" time="28.663"/>
  <testcase classname="contactModule.ContactModuleTest" name="createTest" time="20.237"/>
  <testcase classname="base.BaseClass" name="@BeforeSuite connectDB" time="0.0">
    <ignored/>
  </testcase> <!-- @BeforeSuite connectDB -->
  <testcase classname="base.BaseClass" name="@BeforeTest configParallelExe" time="0.0">
    <ignored/>
  </testcase> <!-- @BeforeTest configParallelExe -->
  <testcase classname="base.BaseClass" name="@AfterSuite disconnectDB" time="0.0">
    <ignored/>
  </testcase> <!-- @AfterSuite disconnectDB -->
</testsuite> <!-- Test -->
