<?xml version="1.0" encoding="UTF-8"?>
<!-- Generated by org.testng.reporters.JUnitXMLReporter -->
<testsuite ignored="0" hostname="DESKTOP-912Q6UV" failures="0" tests="3" name="Test2" time="110.315" errors="0" timestamp="2026-05-11T10:37:09 IST">
  <testcase classname="contactModule.ContactModuleTest" name="CreateContactWithOrganizationTest" time="34.212"/>
  <testcase classname="contactModule.ContactModuleTest" name="CreateContactWithSupportDatesTest" time="31.116"/>
  <testcase classname="contactModule.ContactModuleTest" name="createTest" time="22.67"/>
</testsuite> <!-- Test2 -->
