<?xml version="1.0" encoding="UTF-8"?>
<!-- Generated by org.testng.reporters.JUnitXMLReporter -->
<testsuite ignored="0" hostname="DESKTOP-912Q6UV" failures="0" tests="3" name="Test1" time="103.108" errors="0" timestamp="2026-05-11T10:37:02 IST">
  <testcase classname="organizationModule.OrganizationModuleTest" name="CreateOrgWithIndustryAndTypeTest" time="28.58"/>
  <testcase classname="organizationModule.OrganizationModuleTest" name="CreateOrgWithPhoneNumberTest" time="26.405"/>
  <testcase classname="organizationModule.OrganizationModuleTest" name="CreateTest" time="25.29"/>
</testsuite> <!-- Test1 -->
