<?xml version="1.0" encoding="UTF-8"?>
<!-- Generated by org.testng.reporters.JUnitXMLReporter -->
<testsuite ignored="0" hostname="DESKTOP-912Q6UV" failures="0" tests="6" name="Test" time="191.735" errors="0" timestamp="2026-05-11T11:14:49 IST">
  <testcase classname="organizationModule.OrganizationModuleTest" name="CreateOrgWithIndustryAndTypeTest" time="21.445"/>
  <testcase classname="organizationModule.OrganizationModuleTest" name="CreateOrgWithPhoneNumberTest" time="21.827"/>
  <testcase classname="organizationModule.OrganizationModuleTest" name="CreateTest" time="21.626"/>
  <testcase classname="contactModule.ContactModuleTest" name="CreateContactWithOrganizationTest" time="31.422"/>
  <testcase classname="contactModule.ContactModuleTest" name="CreateContactWithSupportDatesTest" time="28.504"/>
  <testcase classname="contactModule.ContactModuleTest" name="createTest" time="21.534"/>
</testsuite> <!-- Test -->
