<?xml version="1.0" encoding="UTF-8"?>
<!-- Generated by org.testng.reporters.JUnitXMLReporter -->
<testsuite ignored="0" hostname="DESKTOP-912Q6UV" failures="0" tests="3" name="Test1" time="2.64" errors="0" timestamp="2026-05-15T11:06:45 IST">
  <testcase classname="base.BaseClass" name="@BeforeMethod Login" time="0.051">
    <failure type="java.lang.NumberFormatException" message="Cannot parse null string">
      <![CDATA[java.lang.NumberFormatException: Cannot parse null string
at java.base/java.lang.Long.parseLong(Long.java:672)
at java.base/java.lang.Long.parseLong(Long.java:832)
at utils.WebDriverUtilities.WaitForElement_implictly(WebDriverUtilities.java:61)
at base.BaseClass.Login(BaseClass.java:72)
at java.base/java.util.ArrayList.forEach(ArrayList.java:1596)
at java.base/java.util.concurrent.FutureTask.run(FutureTask.java:317)
at java.base/java.util.concurrent.ThreadPoolExecutor.runWorker(ThreadPoolExecutor.java:1144)
at java.base/java.util.concurrent.ThreadPoolExecutor$Worker.run(ThreadPoolExecutor.java:642)
at java.base/java.lang.Thread.run(Thread.java:1583)
... Removed 19 stack frames]]>
    </failure>
  </testcase> <!-- @BeforeMethod Login -->
  <testcase classname="base.BaseClass" name="@AfterMethod Logout" time="0.0">
    <skipped/>
  </testcase> <!-- @AfterMethod Logout -->
  <testcase classname="base.BaseClass" name="@BeforeMethod Login" time="0.0">
    <skipped/>
  </testcase> <!-- @BeforeMethod Login -->
  <testcase classname="base.BaseClass" name="@AfterMethod Logout" time="0.0">
    <skipped/>
  </testcase> <!-- @AfterMethod Logout -->
  <testcase classname="base.BaseClass" name="@BeforeMethod Login" time="0.0">
    <skipped/>
  </testcase> <!-- @BeforeMethod Login -->
  <testcase classname="base.BaseClass" name="@AfterMethod Logout" time="0.0">
    <skipped/>
  </testcase> <!-- @AfterMethod Logout -->
  <testcase classname="base.BaseClass" name="@AfterClass quitBrowser" time="0.0">
    <skipped/>
  </testcase> <!-- @AfterClass quitBrowser -->
  <testcase classname="organizationModule.OrganizationModuleTest" name="CreateOrgWithIndustryAndTypeTest" time="0.0">
    <skipped/>
  </testcase> <!-- CreateOrgWithIndustryAndTypeTest -->
  <testcase classname="organizationModule.OrganizationModuleTest" name="CreateOrgWithPhoneNumberTest" time="0.0">
    <skipped/>
  </testcase> <!-- CreateOrgWithPhoneNumberTest -->
  <testcase classname="organizationModule.OrganizationModuleTest" name="CreateTest" time="0.0">
    <skipped/>
  </testcase> <!-- CreateTest -->
</testsuite> <!-- Test1 -->
