<?xml version="1.0" encoding="UTF-8"?>
<testng-results ignored="0" total="6" passed="6" failed="0" skipped="0">
  <reporter-output>
    <line>
      <![CDATA[Suite Execution Started-Adv report configuration]]>
    </line>
    <line>
      <![CDATA[Launching the browser]]>
    </line>
    <line>
      <![CDATA[Completed Crate Org with industry and it's type]]>
    </line>
    <line>
      <![CDATA[Completed Crate Org with phone number]]>
    </line>
    <line>
      <![CDATA[Completed Create Org]]>
    </line>
    <line>
      <![CDATA[Launching the browser]]>
    </line>
    <line>
      <![CDATA[Completed Create Contact with org]]>
    </line>
    <line>
      <![CDATA[Completed Create Contact with support dates]]>
    </line>
    <line>
      <![CDATA[Completed with Create Contact]]>
    </line>
  </reporter-output>
  <suite started-at="2026-05-11T11:11:37 IST" name="Suite" finished-at="2026-05-11T11:14:49 IST" duration-ms="191735">
    <groups>
      <group name="Master">
        <method signature="ContactModuleTest.CreateContactWithOrganizationTest(java.util.Map)[pri:0, instance:contactModule.ContactModuleTest@24aed80c]" name="CreateContactWithOrganizationTest" class="contactModule.ContactModuleTest"/>
        <method signature="ContactModuleTest.CreateContactWithSupportDatesTest(java.util.Map)[pri:0, instance:contactModule.ContactModuleTest@24aed80c]" name="CreateContactWithSupportDatesTest" class="contactModule.ContactModuleTest"/>
        <method signature="ContactModuleTest.createTest(java.util.Map)[pri:0, instance:contactModule.ContactModuleTest@24aed80c]" name="createTest" class="contactModule.ContactModuleTest"/>
        <method signature="OrganizationModuleTest.CreateOrgWithIndustryAndTypeTest(java.util.Map)[pri:0, instance:organizationModule.OrganizationModuleTest@fbd1f6]" name="CreateOrgWithIndustryAndTypeTest" class="organizationModule.OrganizationModuleTest"/>
        <method signature="OrganizationModuleTest.CreateOrgWithPhoneNumberTest(java.util.Map)[pri:0, instance:organizationModule.OrganizationModuleTest@fbd1f6]" name="CreateOrgWithPhoneNumberTest" class="organizationModule.OrganizationModuleTest"/>
        <method signature="OrganizationModuleTest.CreateTest(java.util.Map)[pri:0, instance:organizationModule.OrganizationModuleTest@fbd1f6]" name="CreateTest" class="organizationModule.OrganizationModuleTest"/>
      </group> <!-- Master -->
      <group name="organization">
        <method signature="OrganizationModuleTest.CreateOrgWithIndustryAndTypeTest(java.util.Map)[pri:0, instance:organizationModule.OrganizationModuleTest@fbd1f6]" name="CreateOrgWithIndustryAndTypeTest" class="organizationModule.OrganizationModuleTest"/>
        <method signature="OrganizationModuleTest.CreateOrgWithPhoneNumberTest(java.util.Map)[pri:0, instance:organizationModule.OrganizationModuleTest@fbd1f6]" name="CreateOrgWithPhoneNumberTest" class="organizationModule.OrganizationModuleTest"/>
        <method signature="OrganizationModuleTest.CreateTest(java.util.Map)[pri:0, instance:organizationModule.OrganizationModuleTest@fbd1f6]" name="CreateTest" class="organizationModule.OrganizationModuleTest"/>
      </group> <!-- organization -->
      <group name="contact">
        <method signature="ContactModuleTest.CreateContactWithOrganizationTest(java.util.Map)[pri:0, instance:contactModule.ContactModuleTest@24aed80c]" name="CreateContactWithOrganizationTest" class="contactModule.ContactModuleTest"/>
        <method signature="ContactModuleTest.CreateContactWithSupportDatesTest(java.util.Map)[pri:0, instance:contactModule.ContactModuleTest@24aed80c]" name="CreateContactWithSupportDatesTest" class="contactModule.ContactModuleTest"/>
        <method signature="ContactModuleTest.createTest(java.util.Map)[pri:0, instance:contactModule.ContactModuleTest@24aed80c]" name="createTest" class="contactModule.ContactModuleTest"/>
      </group> <!-- contact -->
    </groups>
    <test started-at="2026-05-11T11:11:37 IST" name="Test" finished-at="2026-05-11T11:14:49 IST" duration-ms="191735">
      <class name="organizationModule.OrganizationModuleTest">
        <test-method is-config="true" signature="setUp()[pri:0, instance:organizationModule.OrganizationModuleTest@fbd1f6]" started-at="2026-05-11T11:11:37 IST" name="setUp" finished-at="2026-05-11T11:11:39 IST" duration-ms="1589" status="PASS">
          <reporter-output>
            <line>
              <![CDATA[Launching the browser]]>
            </line>
          </reporter-output>
        </test-method> <!-- setUp -->
        <test-method is-config="true" signature="Login()[pri:0, instance:organizationModule.OrganizationModuleTest@fbd1f6]" started-at="2026-05-11T11:11:41 IST" name="Login" finished-at="2026-05-11T11:11:47 IST" duration-ms="6329" status="PASS">
          <reporter-output>
          </reporter-output>
        </test-method> <!-- Login -->
        <test-method signature="CreateOrgWithIndustryAndTypeTest(java.util.Map)[pri:0, instance:organizationModule.OrganizationModuleTest@fbd1f6]" started-at="2026-05-11T11:11:47 IST" name="CreateOrgWithIndustryAndTypeTest" description="Create Org With Industry and Type" data-provider="organizationDataProvider" finished-at="2026-05-11T11:12:08 IST" duration-ms="21445" status="PASS">
          <params>
            <param index="0">
              <value>
                <![CDATA[{=, STATUS=Pass, TC_ID=TC_02, INDUSTRY=Construction, SNO=2.0, ORG_NAME=Hello, TC_DESC=Create Org With Industry and Type, TYPE=Competitor}]]>
              </value>
            </param>
          </params>
          <reporter-output>
            <line>
              <![CDATA[Completed Crate Org with industry and it's type]]>
            </line>
          </reporter-output>
        </test-method> <!-- CreateOrgWithIndustryAndTypeTest -->
        <test-method is-config="true" signature="Logout()[pri:0, instance:organizationModule.OrganizationModuleTest@fbd1f6]" started-at="2026-05-11T11:12:08 IST" name="Logout" finished-at="2026-05-11T11:12:11 IST" duration-ms="2201" status="PASS">
          <reporter-output>
          </reporter-output>
        </test-method> <!-- Logout -->
        <test-method is-config="true" signature="Login()[pri:0, instance:organizationModule.OrganizationModuleTest@fbd1f6]" started-at="2026-05-11T11:12:11 IST" name="Login" finished-at="2026-05-11T11:12:15 IST" duration-ms="4385" status="PASS">
          <reporter-output>
          </reporter-output>
        </test-method> <!-- Login -->
        <test-method signature="CreateOrgWithPhoneNumberTest(java.util.Map)[pri:0, instance:organizationModule.OrganizationModuleTest@fbd1f6]" started-at="2026-05-11T11:12:15 IST" name="CreateOrgWithPhoneNumberTest" description="Create Org With Phone no" data-provider="organizationDataProvider" finished-at="2026-05-11T11:12:37 IST" duration-ms="21827" status="PASS">
          <params>
            <param index="0">
              <value>
                <![CDATA[{STATUS=Pass, TC_DESC=Create Org With Phone no, TC_ID=TC_03, PHNO=2783383839, SNO=3.0, ORG_NAME=Marvel}]]>
              </value>
            </param>
          </params>
          <reporter-output>
            <line>
              <![CDATA[Completed Crate Org with phone number]]>
            </line>
          </reporter-output>
        </test-method> <!-- CreateOrgWithPhoneNumberTest -->
        <test-method is-config="true" signature="Logout()[pri:0, instance:organizationModule.OrganizationModuleTest@fbd1f6]" started-at="2026-05-11T11:12:37 IST" name="Logout" finished-at="2026-05-11T11:12:39 IST" duration-ms="2205" status="PASS">
          <reporter-output>
          </reporter-output>
        </test-method> <!-- Logout -->
        <test-method is-config="true" signature="Login()[pri:0, instance:organizationModule.OrganizationModuleTest@fbd1f6]" started-at="2026-05-11T11:12:39 IST" name="Login" finished-at="2026-05-11T11:12:44 IST" duration-ms="4664" status="PASS">
          <reporter-output>
          </reporter-output>
        </test-method> <!-- Login -->
        <test-method signature="CreateTest(java.util.Map)[pri:0, instance:organizationModule.OrganizationModuleTest@fbd1f6]" started-at="2026-05-11T11:12:44 IST" name="CreateTest" description="Create Org" data-provider="organizationDataProvider" finished-at="2026-05-11T11:13:06 IST" duration-ms="21626" status="PASS">
          <params>
            <param index="0">
              <value>
                <![CDATA[{=, STATUS=Pass, TC_DESC=Create Org, TC_ID=TC_01, SNO=1.0, ORG_NAME=Astra}]]>
              </value>
            </param>
          </params>
          <reporter-output>
            <line>
              <![CDATA[Completed Create Org]]>
            </line>
          </reporter-output>
        </test-method> <!-- CreateTest -->
        <test-method is-config="true" signature="Logout()[pri:0, instance:organizationModule.OrganizationModuleTest@fbd1f6]" started-at="2026-05-11T11:13:06 IST" name="Logout" finished-at="2026-05-11T11:13:08 IST" duration-ms="2408" status="PASS">
          <reporter-output>
          </reporter-output>
        </test-method> <!-- Logout -->
        <test-method is-config="true" signature="quitBrowser()[pri:0, instance:organizationModule.OrganizationModuleTest@fbd1f6]" started-at="2026-05-11T11:13:08 IST" name="quitBrowser" finished-at="2026-05-11T11:13:08 IST" duration-ms="299" status="PASS">
          <reporter-output>
          </reporter-output>
        </test-method> <!-- quitBrowser -->
      </class> <!-- organizationModule.OrganizationModuleTest -->
      <class name="contactModule.ContactModuleTest">
        <test-method is-config="true" signature="setUp()[pri:0, instance:contactModule.ContactModuleTest@24aed80c]" started-at="2026-05-11T11:13:08 IST" name="setUp" finished-at="2026-05-11T11:13:09 IST" duration-ms="966" status="PASS">
          <reporter-output>
            <line>
              <![CDATA[Launching the browser]]>
            </line>
          </reporter-output>
        </test-method> <!-- setUp -->
        <test-method is-config="true" signature="Login()[pri:0, instance:contactModule.ContactModuleTest@24aed80c]" started-at="2026-05-11T11:13:09 IST" name="Login" finished-at="2026-05-11T11:13:11 IST" duration-ms="1283" status="PASS">
          <reporter-output>
          </reporter-output>
        </test-method> <!-- Login -->
        <test-method signature="CreateContactWithOrganizationTest(java.util.Map)[pri:0, instance:contactModule.ContactModuleTest@24aed80c]" started-at="2026-05-11T11:13:11 IST" name="CreateContactWithOrganizationTest" description="Create a Contact With Organization" data-provider="contactDataProvider" finished-at="2026-05-11T11:13:42 IST" duration-ms="31422" status="PASS">
          <params>
            <param index="0">
              <value>
                <![CDATA[{CONTACT_NAME=Ram, STATUS=Pass, TC_DESC=Create a Contact With Organization, TC_ID=TC_03, SLNO=2.0, ORG_NAME=Marvel}]]>
              </value>
            </param>
          </params>
          <reporter-output>
            <line>
              <![CDATA[Completed Create Contact with org]]>
            </line>
          </reporter-output>
        </test-method> <!-- CreateContactWithOrganizationTest -->
        <test-method is-config="true" signature="Logout()[pri:0, instance:contactModule.ContactModuleTest@24aed80c]" started-at="2026-05-11T11:13:42 IST" name="Logout" finished-at="2026-05-11T11:13:44 IST" duration-ms="2335" status="PASS">
          <reporter-output>
          </reporter-output>
        </test-method> <!-- Logout -->
        <test-method is-config="true" signature="Login()[pri:0, instance:contactModule.ContactModuleTest@24aed80c]" started-at="2026-05-11T11:13:44 IST" name="Login" finished-at="2026-05-11T11:13:49 IST" duration-ms="4462" status="PASS">
          <reporter-output>
          </reporter-output>
        </test-method> <!-- Login -->
        <test-method signature="CreateContactWithSupportDatesTest(java.util.Map)[pri:0, instance:contactModule.ContactModuleTest@24aed80c]" started-at="2026-05-11T11:13:49 IST" name="CreateContactWithSupportDatesTest" description="Create a Contact With Support Dates" data-provider="contactDataProvider" finished-at="2026-05-11T11:14:17 IST" duration-ms="28504" status="PASS">
          <params>
            <param index="0">
              <value>
                <![CDATA[{CONTACT_NAME=Sahoo, STATUS=Pass, TC_ID=TC_03, ORG_NAME=Hello, SUPPORT_END _DATE=5/1/26, SUPPORT_START_DATE=4/28/26, TC_DESC=Create a Contact With Support Dates, SLNO=3.0}]]>
              </value>
            </param>
          </params>
          <reporter-output>
            <line>
              <![CDATA[Completed Create Contact with support dates]]>
            </line>
          </reporter-output>
        </test-method> <!-- CreateContactWithSupportDatesTest -->
        <test-method is-config="true" signature="Logout()[pri:0, instance:contactModule.ContactModuleTest@24aed80c]" started-at="2026-05-11T11:14:17 IST" name="Logout" finished-at="2026-05-11T11:14:20 IST" duration-ms="2443" status="PASS">
          <reporter-output>
          </reporter-output>
        </test-method> <!-- Logout -->
        <test-method is-config="true" signature="Login()[pri:0, instance:contactModule.ContactModuleTest@24aed80c]" started-at="2026-05-11T11:14:20 IST" name="Login" finished-at="2026-05-11T11:14:25 IST" duration-ms="4869" status="PASS">
          <reporter-output>
          </reporter-output>
        </test-method> <!-- Login -->
        <test-method signature="createTest(java.util.Map)[pri:0, instance:contactModule.ContactModuleTest@24aed80c]" started-at="2026-05-11T11:14:25 IST" name="createTest" description="Create Contact" data-provider="contactDataProvider" finished-at="2026-05-11T11:14:46 IST" duration-ms="21534" status="PASS">
          <params>
            <param index="0">
              <value>
                <![CDATA[{CONTACT_NAME=Tom, STATUS=Pass, TC_DESC=Create Contact, TC_ID=TC_01, SLNO=1.0}]]>
              </value>
            </param>
          </params>
          <reporter-output>
            <line>
              <![CDATA[Completed with Create Contact]]>
            </line>
          </reporter-output>
        </test-method> <!-- createTest -->
        <test-method is-config="true" signature="Logout()[pri:0, instance:contactModule.ContactModuleTest@24aed80c]" started-at="2026-05-11T11:14:46 IST" name="Logout" finished-at="2026-05-11T11:14:49 IST" duration-ms="2458" status="PASS">
          <reporter-output>
          </reporter-output>
        </test-method> <!-- Logout -->
        <test-method is-config="true" signature="quitBrowser()[pri:0, instance:contactModule.ContactModuleTest@24aed80c]" started-at="2026-05-11T11:14:49 IST" name="quitBrowser" finished-at="2026-05-11T11:14:49 IST" duration-ms="242" status="PASS">
          <reporter-output>
          </reporter-output>
        </test-method> <!-- quitBrowser -->
      </class> <!-- contactModule.ContactModuleTest -->
    </test> <!-- Test -->
  </suite> <!-- Suite -->
</testng-results>
