<?xml version="1.0" encoding="UTF-8"?>
<!-- Generated by org.testng.reporters.JUnitReportReporter -->
<testsuite hostname="DESKTOP-912Q6UV" failures="0" tests="3" name="organizationModule.OrganizationModuleTest" time="83.101" errors="0" timestamp="2026-05-14T11:08:15 IST" skipped="0">
  <testcase classname="organizationModule.OrganizationModuleTest" name="CreateOrgWithPhoneNumberTest" time="29.367">
    <system-out>
      <![CDATA[Completed Crate Org with phone number]]>
    </system-out>
  </testcase> <!-- CreateOrgWithPhoneNumberTest -->
  <testcase classname="organizationModule.OrganizationModuleTest" name="CreateTest" time="26.919">
    <system-out>
      <![CDATA[Completed Create Org]]>
    </system-out>
  </testcase> <!-- CreateTest -->
  <testcase classname="organizationModule.OrganizationModuleTest" name="CreateOrgWithIndustryAndTypeTest" time="26.815">
    <system-out>
      <![CDATA[Completed Crate Org with industry and it's type]]>
    </system-out>
  </testcase> <!-- CreateOrgWithIndustryAndTypeTest -->
  <system-out>
    <![CDATA[Suite Execution Started-Adv report configuration
Connected with DB
Configured the parallel Exe
Launching the browser
Completed Crate Org with industry and it's type
Completed Crate Org with phone number
Completed Create Org
Launching the browser
Completed Create Contact with org
Completed Create Contact with support dates
Completed with Create Contact]]>
  </system-out>
</testsuite> <!-- organizationModule.OrganizationModuleTest -->
