<?xml version="1.0" encoding="UTF-8"?>
<!-- Generated by org.testng.reporters.JUnitReportReporter -->
<testsuite hostname="DESKTOP-912Q6UV" failures="0" tests="1" name="contactModule.CreateContactTest" time="30.943" errors="0" timestamp="2026-05-11T10:23:52 IST" skipped="0">
  <testcase classname="contactModule.CreateContactTest" name="createTest" time="30.943">
    <system-out>
      <![CDATA[Completed with Create Contact]]>
    </system-out>
  </testcase> <!-- createTest -->
  <system-out>
    <![CDATA[Suite Execution Started-Adv report configuration
Connected with DB
Configured the parallel Exe
Configured the parallel Exe
Launching the browser
Launching the browser
Completed with Create Contact
Completed Create Org]]>
  </system-out>
</testsuite> <!-- contactModule.CreateContactTest -->
