<?xml version="1.0" encoding="UTF-8"?>
<!-- Generated by org.testng.reporters.JUnitReportReporter -->
<testsuite hostname="DESKTOP-912Q6UV" failures="0" tests="1" name="contactModule.CreateContactWithOrganization" time="32.058" errors="0" timestamp="2026-05-09T16:49:04 IST" skipped="0">
  <testcase classname="contactModule.CreateContactWithOrganization" name="CreateContactWithOrganizationTest" time="32.058">
    <system-out>
      <![CDATA[Completed Create Contact with org]]>
    </system-out>
  </testcase> <!-- CreateContactWithOrganizationTest -->
  <system-out>
    <![CDATA[Suite Execution Started-Adv report configuration
Launching the browser
Completed Create Contact with org
Launching the browser
Completed Create Contact with support dates
Launching the browser
Completed Create Org
Launching the browser
Completed Crate Org with industry and it's type
Launching the browser
Completed Crate Org with phone number
Launching the browser
Completed with Create Contact]]>
  </system-out>
</testsuite> <!-- contactModule.CreateContactWithOrganization -->
