<?xml version="1.0" encoding="UTF-8"?>
<!-- Generated by org.testng.reporters.JUnitReportReporter -->
<testsuite hostname="DESKTOP-912Q6UV" failures="0" tests="3" name="contactModule.ContactModuleTest" time="99.310" errors="0" timestamp="2026-05-11T11:14:50 IST" skipped="0">
  <testcase classname="contactModule.ContactModuleTest" name="CreateContactWithOrganizationTest" time="35.163">
    <system-out>
      <![CDATA[Completed Create Contact with org]]>
    </system-out>
  </testcase> <!-- CreateContactWithOrganizationTest -->
  <testcase classname="contactModule.ContactModuleTest" name="createTest" time="28.738">
    <system-out>
      <![CDATA[Completed with Create Contact]]>
    </system-out>
  </testcase> <!-- createTest -->
  <testcase classname="contactModule.ContactModuleTest" name="CreateContactWithSupportDatesTest" time="35.409">
    <system-out>
      <![CDATA[Completed Create Contact with support dates]]>
    </system-out>
  </testcase> <!-- CreateContactWithSupportDatesTest -->
  <system-out>
    <![CDATA[Suite Execution Started-Adv report configuration
Launching the browser
Completed Crate Org with industry and it's type
Completed Crate Org with phone number
Completed Create Org
Launching the browser
Completed Create Contact with org
Completed Create Contact with support dates
Completed with Create Contact]]>
  </system-out>
</testsuite> <!-- contactModule.ContactModuleTest -->
