<?xml version="1.0" encoding="UTF-8"?>
<!-- Generated by org.testng.reporters.JUnitReportReporter -->
<testsuite hostname="DESKTOP-912Q6UV" failures="0" tests="3" name="organizationModule.OrganizationModuleTest" time="87.090" errors="0" timestamp="2026-05-11T11:14:50 IST" skipped="0">
  <testcase classname="organizationModule.OrganizationModuleTest" name="CreateOrgWithIndustryAndTypeTest" time="28.310">
    <system-out>
      <![CDATA[Completed Crate Org with industry and it's type]]>
    </system-out>
  </testcase> <!-- CreateOrgWithIndustryAndTypeTest -->
  <testcase classname="organizationModule.OrganizationModuleTest" name="CreateOrgWithPhoneNumberTest" time="30.564">
    <system-out>
      <![CDATA[Completed Crate Org with phone number]]>
    </system-out>
  </testcase> <!-- CreateOrgWithPhoneNumberTest -->
  <testcase classname="organizationModule.OrganizationModuleTest" name="CreateTest" time="28.216">
    <system-out>
      <![CDATA[Completed Create Org]]>
    </system-out>
  </testcase> <!-- CreateTest -->
  <system-out>
    <![CDATA[Suite Execution Started-Adv report configuration
Launching the browser
Completed Crate Org with industry and it's type
Completed Crate Org with phone number
Completed Create Org
Launching the browser
Completed Create Contact with org
Completed Create Contact with support dates
Completed with Create Contact]]>
  </system-out>
</testsuite> <!-- organizationModule.OrganizationModuleTest -->
